# JRE version: OpenJDK Runtime Environment (8.0_76-b03) (build 1.8.0_76-release-b03)
# Java VM: OpenJDK 64-Bit Server VM (25.76-b03 mixed mode windows-amd64 compressed oops)
Heap:
 PSYoungGen      total 373760K, used 126876K [0x00000000e0000000, 0x00000000f9a80000, 0x0000000100000000)
  eden space 337408K, 37% used [0x00000000e0000000,0x00000000e7be7368,0x00000000f4980000)
  from space 36352K, 0% used [0x00000000f4980000,0x00000000f4980000,0x00000000f6d00000)
  to   space 25088K, 0% used [0x00000000f6d00000,0x00000000f6d00000,0x00000000f8580000)
 ParOldGen       total 223744K, used 124409K [0x00000000a0000000, 0x00000000ada80000, 0x00000000e0000000)
  object space 223744K, 55% used [0x00000000a0000000,0x00000000a797e4c8,0x00000000ada80000)
 Metaspace       used 63673K, capacity 65320K, committed 65584K, reserved 1105920K
  class space    used 8086K, capacity 8452K, committed 8496K, reserved 1048576K
GC Heap History (10 events):
Event: 184.082 GC heap before
{Heap before GC invocations=26 (full 4):
 PSYoungGen      total 362496K, used 25060K [0x00000000e0000000, 0x00000000f9a80000, 0x0000000100000000)
  eden space 337408K, 0% used [0x00000000e0000000,0x00000000e0000000,0x00000000f4980000)
  from space 25088K, 99% used [0x00000000f6d00000,0x00000000f8579368,0x00000000f8580000)
  to   space 36352K, 0% used [0x00000000f4980000,0x00000000f4980000,0x00000000f6d00000)
 ParOldGen       total 107520K, used 92280K [0x00000000a0000000, 0x00000000a6900000, 0x00000000e0000000)
  object space 107520K, 85% used [0x00000000a0000000,0x00000000a5a1e308,0x00000000a6900000)
 Metaspace       used 63537K, capacity 65226K, committed 65328K, reserved 1105920K
  class space    used 8083K, capacity 8421K, committed 8496K, reserved 1048576K
Event: 185.953 GC heap after
Heap after GC invocations=26 (full 4):
 PSYoungGen      total 362496K, used 0K [0x00000000e0000000, 0x00000000f9a80000, 0x0000000100000000)
  eden space 337408K, 0% used [0x00000000e0000000,0x00000000e0000000,0x00000000f4980000)
  from space 25088K, 0% used [0x00000000f6d00000,0x00000000f6d00000,0x00000000f8580000)
  to   space 36352K, 0% used [0x00000000f4980000,0x00000000f4980000,0x00000000f6d00000)
 ParOldGen       total 164352K, used 90473K [0x00000000a0000000, 0x00000000aa080000, 0x00000000e0000000)
  object space 164352K, 55% used [0x00000000a0000000,0x00000000a585a7b8,0x00000000aa080000)
 Metaspace       used 63532K, capacity 65212K, committed 65328K, reserved 1105920K
  class space    used 8082K, capacity 8418K, committed 8496K, reserved 1048576K
}
Event: 194.765 GC heap before
{Heap before GC invocations=27 (full 4):
 PSYoungGen      total 362496K, used 337408K [0x00000000e0000000, 0x00000000f9a80000, 0x0000000100000000)
  eden space 337408K, 100% used [0x00000000e0000000,0x00000000f4980000,0x00000000f4980000)
  from space 25088K, 0% used [0x00000000f6d00000,0x00000000f6d00000,0x00000000f8580000)
  to   space 36352K, 0% used [0x00000000f4980000,0x00000000f4980000,0x00000000f6d00000)
 ParOldGen       total 164352K, used 90473K [0x00000000a0000000, 0x00000000aa080000, 0x00000000e0000000)
  object space 164352K, 55% used [0x00000000a0000000,0x00000000a585a7b8,0x00000000aa080000)
 Metaspace       used 63619K, capacity 65320K, committed 65584K, reserved 1105920K
  class space    used 8085K, capacity 8452K, committed 8496K, reserved 1048576K
Event: 195.103 GC heap after
Heap after GC invocations=27 (full 4):
 PSYoungGen      total 373760K, used 36331K [0x00000000e0000000, 0x00000000f9a80000, 0x0000000100000000)
  eden space 337408K, 0% used [0x00000000e0000000,0x00000000e0000000,0x00000000f4980000)
  from space 36352K, 99% used [0x00000000f4980000,0x00000000f6cfad28,0x00000000f6d00000)
  to   space 25088K, 0% used [0x00000000f6d00000,0x00000000f6d00000,0x00000000f8580000)
 ParOldGen       total 164352K, used 91238K [0x00000000a0000000, 0x00000000aa080000, 0x00000000e0000000)
  object space 164352K, 55% used [0x00000000a0000000,0x00000000a59199e8,0x00000000aa080000)
 Metaspace       used 63619K, capacity 65320K, committed 65584K, reserved 1105920K
  class space    used 8085K, capacity 8452K, committed 8496K, reserved 1048576K
}
Event: 201.357 GC heap before
{Heap before GC invocations=28 (full 4):
 PSYoungGen      total 373760K, used 373739K [0x00000000e0000000, 0x00000000f9a80000, 0x0000000100000000)
  eden space 337408K, 100% used [0x00000000e0000000,0x00000000f4980000,0x00000000f4980000)
  from space 36352K, 99% used [0x00000000f4980000,0x00000000f6cfad28,0x00000000f6d00000)
  to   space 25088K, 0% used [0x00000000f6d00000,0x00000000f6d00000,0x00000000f8580000)
 ParOldGen       total 164352K, used 91238K [0x00000000a0000000, 0x00000000aa080000, 0x00000000e0000000)
  object space 164352K, 55% used [0x00000000a0000000,0x00000000a59199e8,0x00000000aa080000)
 Metaspace       used 63652K, capacity 65320K, committed 65584K, reserved 1105920K
  class space    used 8085K, capacity 8452K, committed 8496K, reserved 1048576K
Event: 201.802 GC heap after
Heap after GC invocations=28 (full 4):
 PSYoungGen      total 362496K, used 25073K [0x00000000e0000000, 0x00000000f9a80000, 0x0000000100000000)
  eden space 337408K, 0% used [0x00000000e0000000,0x00000000e0000000,0x00000000f4980000)
  from space 25088K, 99% used [0x00000000f6d00000,0x00000000f857c670,0x00000000f8580000)
  to   space 36352K, 0% used [0x00000000f4980000,0x00000000f4980000,0x00000000f6d00000)
 ParOldGen       total 164352K, used 128944K [0x00000000a0000000, 0x00000000aa080000, 0x00000000e0000000)
  object space 164352K, 78% used [0x00000000a0000000,0x00000000a7dec2a0,0x00000000aa080000)
 Metaspace       used 63652K, capacity 65320K, committed 65584K, reserved 1105920K
  class space    used 8085K, capacity 8452K, committed 8496K, reserved 1048576K
}
Event: 212.279 GC heap before
{Heap before GC invocations=29 (full 4):
 PSYoungGen      total 362496K, used 362481K [0x00000000e0000000, 0x00000000f9a80000, 0x0000000100000000)
  eden space 337408K, 100% used [0x00000000e0000000,0x00000000f4980000,0x00000000f4980000)
  from space 25088K, 99% used [0x00000000f6d00000,0x00000000f857c670,0x00000000f8580000)
  to   space 36352K, 0% used [0x00000000f4980000,0x00000000f4980000,0x00000000f6d00000)
 ParOldGen       total 164352K, used 128944K [0x00000000a0000000, 0x00000000aa080000, 0x00000000e0000000)
  object space 164352K, 78% used [0x00000000a0000000,0x00000000a7dec2a0,0x00000000aa080000)
 Metaspace       used 63664K, capacity 65320K, committed 65584K, reserved 1105920K
  class space    used 8086K, capacity 8452K, committed 8496K, reserved 1048576K
Event: 212.800 GC heap after
Heap after GC invocations=29 (full 4):
 PSYoungGen      total 373760K, used 36334K [0x00000000e0000000, 0x00000000f9a80000, 0x0000000100000000)
  eden space 337408K, 0% used [0x00000000e0000000,0x00000000e0000000,0x00000000f4980000)
  from space 36352K, 99% used [0x00000000f4980000,0x00000000f6cfba70,0x00000000f6d00000)
  to   space 25088K, 0% used [0x00000000f6d00000,0x00000000f6d00000,0x00000000f8580000)
 ParOldGen       total 164352K, used 158679K [0x00000000a0000000, 0x00000000aa080000, 0x00000000e0000000)
  object space 164352K, 96% used [0x00000000a0000000,0x00000000a9af5c18,0x00000000aa080000)
 Metaspace       used 63664K, capacity 65320K, committed 65584K, reserved 1105920K
  class space    used 8086K, capacity 8452K, committed 8496K, reserved 1048576K
}
Event: 212.801 GC heap before
{Heap before GC invocations=30 (full 5):
 PSYoungGen      total 373760K, used 36334K [0x00000000e0000000, 0x00000000f9a80000, 0x0000000100000000)
  eden space 337408K, 0% used [0x00000000e0000000,0x00000000e0000000,0x00000000f4980000)
  from space 36352K, 99% used [0x00000000f4980000,0x00000000f6cfba70,0x00000000f6d00000)
  to   space 25088K, 0% used [0x00000000f6d00000,0x00000000f6d00000,0x00000000f8580000)
 ParOldGen       total 164352K, used 158679K [0x00000000a0000000, 0x00000000aa080000, 0x00000000e0000000)
  object space 164352K, 96% used [0x00000000a0000000,0x00000000a9af5c18,0x00000000aa080000)
 Metaspace       used 63664K, capacity 65320K, committed 65584K, reserved 1105920K
  class space    used 8086K, capacity 8452K, committed 8496K, reserved 1048576K
Event: 217.496 GC heap after
Heap after GC invocations=30 (full 5):
 PSYoungGen      total 373760K, used 0K [0x00000000e0000000, 0x00000000f9a80000, 0x0000000100000000)
  eden space 337408K, 0% used [0x00000000e0000000,0x00000000e0000000,0x00000000f4980000)
  from space 36352K, 0% used [0x00000000f4980000,0x00000000f4980000,0x00000000f6d00000)
  to   space 25088K, 0% used [0x00000000f6d00000,0x00000000f6d00000,0x00000000f8580000)
 ParOldGen       total 223744K, used 124409K [0x00000000a0000000, 0x00000000ada80000, 0x00000000e0000000)
  object space 223744K, 55% used [0x00000000a0000000,0x00000000a797e4c8,0x00000000ada80000)
 Metaspace       used 63664K, capacity 65320K, committed 65584K, reserved 1105920K
  class space    used 8086K, capacity 8452K, committed 8496K, reserved 1048576K
}

