# JRE version: OpenJDK Runtime Environment (8.0_76-b03) (build 1.8.0_76-release-b03)
# Java VM: OpenJDK 64-Bit Server VM (25.76-b03 mixed mode windows-amd64 compressed oops)
Heap:
 PSYoungGen      total 412160K, used 259115K [0x00000000e0000000, 0x00000000fbc80000, 0x0000000100000000)
  eden space 375296K, 63% used [0x00000000e0000000,0x00000000ee820eb8,0x00000000f6e80000)
  from space 36864K, 58% used [0x00000000f9880000,0x00000000fad69f80,0x00000000fbc80000)
  to   space 39936K, 0% used [0x00000000f6e80000,0x00000000f6e80000,0x00000000f9580000)
 ParOldGen       total 215040K, used 154129K [0x00000000a0000000, 0x00000000ad200000, 0x00000000e0000000)
  object space 215040K, 71% used [0x00000000a0000000,0x00000000a96846e0,0x00000000ad200000)
 Metaspace       used 64139K, capacity 65858K, committed 66216K, reserved 1107968K
  class space    used 8137K, capacity 8521K, committed 8624K, reserved 1048576K
GC Heap History (10 events):
Event: 171.348 GC heap before
{Heap before GC invocations=28 (full 4):
 PSYoungGen      total 303104K, used 26285K [0x00000000e0000000, 0x00000000f5480000, 0x0000000100000000)
  eden space 264192K, 0% used [0x00000000e0000000,0x00000000e0000000,0x00000000f0200000)
  from space 38912K, 67% used [0x00000000f2980000,0x00000000f432b730,0x00000000f4f80000)
  to   space 40448K, 0% used [0x00000000f0200000,0x00000000f0200000,0x00000000f2980000)
 ParOldGen       total 123392K, used 115917K [0x00000000a0000000, 0x00000000a7880000, 0x00000000e0000000)
  object space 123392K, 93% used [0x00000000a0000000,0x00000000a71335a0,0x00000000a7880000)
 Metaspace       used 63481K, capacity 65216K, committed 65320K, reserved 1105920K
  class space    used 8082K, capacity 8456K, committed 8496K, reserved 1048576K
Event: 174.323 GC heap after
Heap after GC invocations=28 (full 4):
 PSYoungGen      total 303104K, used 0K [0x00000000e0000000, 0x00000000f5480000, 0x0000000100000000)
  eden space 264192K, 0% used [0x00000000e0000000,0x00000000e0000000,0x00000000f0200000)
  from space 38912K, 0% used [0x00000000f2980000,0x00000000f2980000,0x00000000f4f80000)
  to   space 40448K, 0% used [0x00000000f0200000,0x00000000f0200000,0x00000000f2980000)
 ParOldGen       total 215040K, used 117147K [0x00000000a0000000, 0x00000000ad200000, 0x00000000e0000000)
  object space 215040K, 54% used [0x00000000a0000000,0x00000000a7266f78,0x00000000ad200000)
 Metaspace       used 63479K, capacity 65210K, committed 65320K, reserved 1105920K
  class space    used 8082K, capacity 8455K, committed 8496K, reserved 1048576K
}
Event: 180.064 GC heap before
{Heap before GC invocations=29 (full 4):
 PSYoungGen      total 303104K, used 264192K [0x00000000e0000000, 0x00000000f5480000, 0x0000000100000000)
  eden space 264192K, 100% used [0x00000000e0000000,0x00000000f0200000,0x00000000f0200000)
  from space 38912K, 0% used [0x00000000f2980000,0x00000000f2980000,0x00000000f4f80000)
  to   space 40448K, 0% used [0x00000000f0200000,0x00000000f0200000,0x00000000f2980000)
 ParOldGen       total 215040K, used 117147K [0x00000000a0000000, 0x00000000ad200000, 0x00000000e0000000)
  object space 215040K, 54% used [0x00000000a0000000,0x00000000a7266f78,0x00000000ad200000)
 Metaspace       used 63591K, capacity 65338K, committed 65576K, reserved 1105920K
  class space    used 8082K, capacity 8455K, committed 8496K, reserved 1048576K
Event: 180.521 GC heap after
Heap after GC invocations=29 (full 4):
 PSYoungGen      total 304640K, used 28065K [0x00000000e0000000, 0x00000000f8b00000, 0x0000000100000000)
  eden space 264192K, 0% used [0x00000000e0000000,0x00000000e0000000,0x00000000f0200000)
  from space 40448K, 69% used [0x00000000f0200000,0x00000000f1d685b0,0x00000000f2980000)
  to   space 42496K, 0% used [0x00000000f6180000,0x00000000f6180000,0x00000000f8b00000)
 ParOldGen       total 215040K, used 117147K [0x00000000a0000000, 0x00000000ad200000, 0x00000000e0000000)
  object space 215040K, 54% used [0x00000000a0000000,0x00000000a7266f78,0x00000000ad200000)
 Metaspace       used 63591K, capacity 65338K, committed 65576K, reserved 1105920K
  class space    used 8082K, capacity 8455K, committed 8496K, reserved 1048576K
}
Event: 185.886 GC heap before
{Heap before GC invocations=30 (full 4):
 PSYoungGen      total 304640K, used 292257K [0x00000000e0000000, 0x00000000f8b00000, 0x0000000100000000)
  eden space 264192K, 100% used [0x00000000e0000000,0x00000000f0200000,0x00000000f0200000)
  from space 40448K, 69% used [0x00000000f0200000,0x00000000f1d685b0,0x00000000f2980000)
  to   space 42496K, 0% used [0x00000000f6180000,0x00000000f6180000,0x00000000f8b00000)
 ParOldGen       total 215040K, used 117147K [0x00000000a0000000, 0x00000000ad200000, 0x00000000e0000000)
  object space 215040K, 54% used [0x00000000a0000000,0x00000000a7266f78,0x00000000ad200000)
 Metaspace       used 63632K, capacity 65376K, committed 65576K, reserved 1105920K
  class space    used 8084K, capacity 8488K, committed 8496K, reserved 1048576K
Event: 186.077 GC heap after
Heap after GC invocations=30 (full 4):
 PSYoungGen      total 352768K, used 20541K [0x00000000e0000000, 0x00000000f8500000, 0x0000000100000000)
  eden space 316416K, 0% used [0x00000000e0000000,0x00000000e0000000,0x00000000f3500000)
  from space 36352K, 56% used [0x00000000f6180000,0x00000000f758f458,0x00000000f8500000)
  to   space 40960K, 0% used [0x00000000f3500000,0x00000000f3500000,0x00000000f5d00000)
 ParOldGen       total 215040K, used 132777K [0x00000000a0000000, 0x00000000ad200000, 0x00000000e0000000)
  object space 215040K, 61% used [0x00000000a0000000,0x00000000a81aa510,0x00000000ad200000)
 Metaspace       used 63632K, capacity 65376K, committed 65576K, reserved 1105920K
  class space    used 8084K, capacity 8488K, committed 8496K, reserved 1048576K
}
Event: 190.224 GC heap before
{Heap before GC invocations=31 (full 4):
 PSYoungGen      total 352768K, used 336957K [0x00000000e0000000, 0x00000000f8500000, 0x0000000100000000)
  eden space 316416K, 100% used [0x00000000e0000000,0x00000000f3500000,0x00000000f3500000)
  from space 36352K, 56% used [0x00000000f6180000,0x00000000f758f458,0x00000000f8500000)
  to   space 40960K, 0% used [0x00000000f3500000,0x00000000f3500000,0x00000000f5d00000)
 ParOldGen       total 215040K, used 132777K [0x00000000a0000000, 0x00000000ad200000, 0x00000000e0000000)
  object space 215040K, 61% used [0x00000000a0000000,0x00000000a81aa510,0x00000000ad200000)
 Metaspace       used 63649K, capacity 65376K, committed 65576K, reserved 1105920K
  class space    used 8084K, capacity 8488K, committed 8496K, reserved 1048576K
Event: 190.438 GC heap after
Heap after GC invocations=31 (full 4):
 PSYoungGen      total 357376K, used 25528K [0x00000000e0000000, 0x00000000fc100000, 0x0000000100000000)
  eden space 316416K, 0% used [0x00000000e0000000,0x00000000e0000000,0x00000000f3500000)
  from space 40960K, 62% used [0x00000000f3500000,0x00000000f4dee250,0x00000000f5d00000)
  to   space 41472K, 0% used [0x00000000f9880000,0x00000000f9880000,0x00000000fc100000)
 ParOldGen       total 215040K, used 143804K [0x00000000a0000000, 0x00000000ad200000, 0x00000000e0000000)
  object space 215040K, 66% used [0x00000000a0000000,0x00000000a8c6f110,0x00000000ad200000)
 Metaspace       used 63649K, capacity 65376K, committed 65576K, reserved 1105920K
  class space    used 8084K, capacity 8488K, committed 8496K, reserved 1048576K
}
Event: 196.329 GC heap before
{Heap before GC invocations=32 (full 4):
 PSYoungGen      total 357376K, used 341944K [0x00000000e0000000, 0x00000000fc100000, 0x0000000100000000)
  eden space 316416K, 100% used [0x00000000e0000000,0x00000000f3500000,0x00000000f3500000)
  from space 40960K, 62% used [0x00000000f3500000,0x00000000f4dee250,0x00000000f5d00000)
  to   space 41472K, 0% used [0x00000000f9880000,0x00000000f9880000,0x00000000fc100000)
 ParOldGen       total 215040K, used 144106K [0x00000000a0000000, 0x00000000ad200000, 0x00000000e0000000)
  object space 215040K, 67% used [0x00000000a0000000,0x00000000a8cba908,0x00000000ad200000)
 Metaspace       used 63662K, capacity 65376K, committed 65576K, reserved 1105920K
  class space    used 8085K, capacity 8488K, committed 8496K, reserved 1048576K
Event: 196.660 GC heap after
Heap after GC invocations=32 (full 4):
 PSYoungGen      total 412160K, used 21415K [0x00000000e0000000, 0x00000000fbc80000, 0x0000000100000000)
  eden space 375296K, 0% used [0x00000000e0000000,0x00000000e0000000,0x00000000f6e80000)
  from space 36864K, 58% used [0x00000000f9880000,0x00000000fad69f80,0x00000000fbc80000)
  to   space 39936K, 0% used [0x00000000f6e80000,0x00000000f6e80000,0x00000000f9580000)
 ParOldGen       total 215040K, used 154129K [0x00000000a0000000, 0x00000000ad200000, 0x00000000e0000000)
  object space 215040K, 71% used [0x00000000a0000000,0x00000000a96846e0,0x00000000ad200000)
 Metaspace       used 63662K, capacity 65376K, committed 65576K, reserved 1105920K
  class space    used 8085K, capacity 8488K, committed 8496K, reserved 1048576K
}

